<?xml version="1.0" encoding="UTF-8"?>
<!-- Generated by org.testng.reporters.JUnitReportReporter -->
<testsuite hostname="pablo-HP" name="co.unbosque.edu.conexionTest.TestConecxionClase" tests="1" failures="0" timestamp="21 Feb 2015 17:34:36 GMT" time="0.377" errors="0">
  <testcase name="conectar" time="0.377" classname="co.unbosque.edu.conexionTest.TestConecxionClase"/>
</testsuite> <!-- co.unbosque.edu.conexionTest.TestConecxionClase -->
