<?xml version="1.0" encoding="UTF-8"?>
<!-- Generated by org.testng.reporters.JUnitReportReporter -->
<testsuite hostname="pablo-HP" name="co.unbosque.edu.conexionTest.TestConecxionClase" tests="2" failures="0" timestamp="21 Feb 2015 07:44:37 GMT" time="1.751" errors="0">
  <testcase name="conectar1" time="0.447" classname="co.unbosque.edu.conexionTest.TestConecxionClase"/>
  <testcase name="conectar" time="1.304" classname="co.unbosque.edu.conexionTest.TestConecxionClase"/>
</testsuite> <!-- co.unbosque.edu.conexionTest.TestConecxionClase -->
