<?xml version="1.0" encoding="UTF-8"?>
<!-- Generated by org.testng.reporters.JUnitReportReporter -->
<testsuite hostname="pablo-HP" name="co.unbosque.edu.conexionTest.TestConexionBD" tests="1" failures="0" timestamp="21 Feb 2015 17:30:44 GMT" time="0.907" errors="0">
  <testcase name="pruevaConexion1" time="0.907" classname="co.unbosque.edu.conexionTest.TestConexionBD"/>
</testsuite> <!-- co.unbosque.edu.conexionTest.TestConexionBD -->
