<?xml version="1.0" encoding="UTF-8"?>
<!-- Generated by org.testng.reporters.JUnitReportReporter -->
<testsuite hostname="pablo-HP" name="TestConexionBD" tests="2" failures="0" timestamp="21 Feb 2015 04:28:45 GMT" time="0.734" errors="0">
  <testcase name="prueva_coneccion" time="0.032" classname="TestConexionBD"/>
  <testcase name="getconexion" time="0.702" classname="TestConexionBD"/>
</testsuite> <!-- TestConexionBD -->
